---------------------------------------------------------------
[ 2020-07-22T16:14:38+08:00 ] 127.0.0.1 POST bangbl.com/index.php/api/goods/goodsProp
[运行时间：1.221496s] [吞吐率：0.82req/s] [内存消耗：3,704.66kb] [文件加载：127]
[ info ] [ BEHAVIOR ] Run Closure @app_init [ RunTime:0.000025s ]
[ info ] [ CACHE ] INIT File
[ info ] [ BEHAVIOR ] Run Closure @app_init [ RunTime:0.065831s ]
[ info ] [ LANG ] D:\work\bangbanglian\thinkphp\lang\zh-cn.php
[ info ] [ BEHAVIOR ] Run app\common\behavior\Common @app_dispatch [ RunTime:0.010630s ]
[ info ] [ ROUTE ] array (
  'type' => 'module',
  'module' => 
  array (
    0 => 'api',
    1 => 'goods',
    2 => 'goodsProp',
  ),
)
[ info ] [ HEADER ] array (
  'cookie' => 'PHPSESSID=8vpesgnfd2iiej5da5kq4lv6ar',
  'accept-encoding' => 'gzip, deflate',
  'content-type' => 'multipart/form-data; boundary=----WebKitFormBoundaryY445o6ZgOi6Yi7FY',
  'user-agent' => 'apizza-extension',
  'accept' => '*/*',
  'content-length' => '140',
  'connection' => 'close',
  'host' => 'bangbl.com',
)
[ info ] [ PARAM ] array (
  'goods_id' => '1',
)
[ info ] [ LANG ] D:\work\bangbanglian\public/../application/api\lang\zh-cn.php
[ info ] [ BEHAVIOR ] Run app\common\behavior\Common @module_init [ RunTime:0.011488s ]
[ info ] [ RUN ] app\api\controller\Goods->goodsProp[ D:\work\bangbanglian\application\api\controller\Goods.php ]
[ info ] [ DB ] INIT mysql
[ info ] [ LOG ] INIT File
---------------------------------------------------------------
[ 2020-07-22T16:16:31+08:00 ] 127.0.0.1 POST bangbl.com/index.php/api/goods/goodsProp
[运行时间：0.089348s] [吞吐率：11.19req/s] [内存消耗：3,742.66kb] [文件加载：128]
[ info ] [ BEHAVIOR ] Run Closure @app_init [ RunTime:0.000015s ]
[ info ] [ CACHE ] INIT File
[ info ] [ BEHAVIOR ] Run Closure @app_init [ RunTime:0.001768s ]
[ info ] [ LANG ] D:\work\bangbanglian\thinkphp\lang\zh-cn.php
[ info ] [ BEHAVIOR ] Run app\common\behavior\Common @app_dispatch [ RunTime:0.000180s ]
[ info ] [ ROUTE ] array (
  'type' => 'module',
  'module' => 
  array (
    0 => 'api',
    1 => 'goods',
    2 => 'goodsProp',
  ),
)
[ info ] [ HEADER ] array (
  'cookie' => 'PHPSESSID=8vpesgnfd2iiej5da5kq4lv6ar',
  'accept-encoding' => 'gzip, deflate',
  'content-type' => 'multipart/form-data; boundary=----WebKitFormBoundary5B9vOW8dePK1tNWS',
  'user-agent' => 'apizza-extension',
  'accept' => '*/*',
  'content-length' => '140',
  'connection' => 'close',
  'host' => 'bangbl.com',
)
[ info ] [ PARAM ] array (
  'goods_id' => '1',
)
[ info ] [ LANG ] D:\work\bangbanglian\public/../application/api\lang\zh-cn.php
[ info ] [ BEHAVIOR ] Run app\common\behavior\Common @module_init [ RunTime:0.000809s ]
[ info ] [ RUN ] app\api\controller\Goods->goodsProp[ D:\work\bangbanglian\application\api\controller\Goods.php ]
[ info ] [ DB ] INIT mysql
[ info ] [ LOG ] INIT File
[ error ] [0]类的属性不存在:app\api\model\GoodsProp->price[D:\work\bangbanglian\thinkphp\library\think\Model.php:626]
---------------------------------------------------------------
[ 2020-07-22T16:19:10+08:00 ] 127.0.0.1 POST bangbl.com/index.php/api/goods/goodsProp
[运行时间：0.045583s] [吞吐率：21.94req/s] [内存消耗：3,742.66kb] [文件加载：128]
[ info ] [ BEHAVIOR ] Run Closure @app_init [ RunTime:0.000014s ]
[ info ] [ CACHE ] INIT File
[ info ] [ BEHAVIOR ] Run Closure @app_init [ RunTime:0.002236s ]
[ info ] [ LANG ] D:\work\bangbanglian\thinkphp\lang\zh-cn.php
[ info ] [ BEHAVIOR ] Run app\common\behavior\Common @app_dispatch [ RunTime:0.000243s ]
[ info ] [ ROUTE ] array (
  'type' => 'module',
  'module' => 
  array (
    0 => 'api',
    1 => 'goods',
    2 => 'goodsProp',
  ),
)
[ info ] [ HEADER ] array (
  'cookie' => 'PHPSESSID=8vpesgnfd2iiej5da5kq4lv6ar',
  'accept-encoding' => 'gzip, deflate',
  'content-type' => 'multipart/form-data; boundary=----WebKitFormBoundaryM6ywwwmf4hn6ypcv',
  'user-agent' => 'apizza-extension',
  'accept' => '*/*',
  'content-length' => '140',
  'connection' => 'close',
  'host' => 'bangbl.com',
)
[ info ] [ PARAM ] array (
  'goods_id' => '1',
)
[ info ] [ LANG ] D:\work\bangbanglian\public/../application/api\lang\zh-cn.php
[ info ] [ BEHAVIOR ] Run app\common\behavior\Common @module_init [ RunTime:0.000922s ]
[ info ] [ RUN ] app\api\controller\Goods->goodsProp[ D:\work\bangbanglian\application\api\controller\Goods.php ]
[ info ] [ DB ] INIT mysql
[ info ] [ LOG ] INIT File
[ error ] [0]类的属性不存在:app\api\model\GoodsProp->price[D:\work\bangbanglian\thinkphp\library\think\Model.php:626]
---------------------------------------------------------------
[ 2020-07-22T16:19:11+08:00 ] 127.0.0.1 POST bangbl.com/index.php/api/goods/goodsProp
[运行时间：0.028612s] [吞吐率：34.95req/s] [内存消耗：3,742.66kb] [文件加载：128]
[ info ] [ BEHAVIOR ] Run Closure @app_init [ RunTime:0.000012s ]
[ info ] [ CACHE ] INIT File
[ info ] [ BEHAVIOR ] Run Closure @app_init [ RunTime:0.001725s ]
[ info ] [ LANG ] D:\work\bangbanglian\thinkphp\lang\zh-cn.php
[ info ] [ BEHAVIOR ] Run app\common\behavior\Common @app_dispatch [ RunTime:0.000164s ]
[ info ] [ ROUTE ] array (
  'type' => 'module',
  'module' => 
  array (
    0 => 'api',
    1 => 'goods',
    2 => 'goodsProp',
  ),
)
[ info ] [ HEADER ] array (
  'cookie' => 'PHPSESSID=8vpesgnfd2iiej5da5kq4lv6ar',
  'accept-encoding' => 'gzip, deflate',
  'content-type' => 'multipart/form-data; boundary=----WebKitFormBoundaryxRDoXFTgQp2JjiP2',
  'user-agent' => 'apizza-extension',
  'accept' => '*/*',
  'content-length' => '140',
  'connection' => 'close',
  'host' => 'bangbl.com',
)
[ info ] [ PARAM ] array (
  'goods_id' => '1',
)
[ info ] [ LANG ] D:\work\bangbanglian\public/../application/api\lang\zh-cn.php
[ info ] [ BEHAVIOR ] Run app\common\behavior\Common @module_init [ RunTime:0.000856s ]
[ info ] [ RUN ] app\api\controller\Goods->goodsProp[ D:\work\bangbanglian\application\api\controller\Goods.php ]
[ info ] [ DB ] INIT mysql
[ info ] [ LOG ] INIT File
[ error ] [0]类的属性不存在:app\api\model\GoodsProp->price[D:\work\bangbanglian\thinkphp\library\think\Model.php:626]
---------------------------------------------------------------
[ 2020-07-22T16:19:12+08:00 ] 127.0.0.1 POST bangbl.com/index.php/api/goods/goodsProp
[运行时间：0.060658s] [吞吐率：16.49req/s] [内存消耗：3,742.66kb] [文件加载：128]
[ info ] [ BEHAVIOR ] Run Closure @app_init [ RunTime:0.000016s ]
[ info ] [ CACHE ] INIT File
[ info ] [ BEHAVIOR ] Run Closure @app_init [ RunTime:0.031307s ]
[ info ] [ LANG ] D:\work\bangbanglian\thinkphp\lang\zh-cn.php
[ info ] [ BEHAVIOR ] Run app\common\behavior\Common @app_dispatch [ RunTime:0.000222s ]
[ info ] [ ROUTE ] array (
  'type' => 'module',
  'module' => 
  array (
    0 => 'api',
    1 => 'goods',
    2 => 'goodsProp',
  ),
)
[ info ] [ HEADER ] array (
  'cookie' => 'PHPSESSID=8vpesgnfd2iiej5da5kq4lv6ar',
  'accept-encoding' => 'gzip, deflate',
  'content-type' => 'multipart/form-data; boundary=----WebKitFormBoundaryjelA8UQXlBEgBOan',
  'user-agent' => 'apizza-extension',
  'accept' => '*/*',
  'content-length' => '140',
  'connection' => 'close',
  'host' => 'bangbl.com',
)
[ info ] [ PARAM ] array (
  'goods_id' => '1',
)
[ info ] [ LANG ] D:\work\bangbanglian\public/../application/api\lang\zh-cn.php
[ info ] [ BEHAVIOR ] Run app\common\behavior\Common @module_init [ RunTime:0.000870s ]
[ info ] [ RUN ] app\api\controller\Goods->goodsProp[ D:\work\bangbanglian\application\api\controller\Goods.php ]
[ info ] [ DB ] INIT mysql
[ info ] [ LOG ] INIT File
[ error ] [0]类的属性不存在:app\api\model\GoodsProp->price[D:\work\bangbanglian\thinkphp\library\think\Model.php:626]
